<?xml version="1.0" encoding="UTF-8"?>
<!-- Generated by org.testng.reporters.JUnitReportReporter -->
<testsuite hostname="LAPTOP-ASKQ9BMM" failures="0" tests="3" name="ujian.ujiankelima.cucumber.TestRunner" time="13.002" errors="3" timestamp="2022-09-25T08:31:42 WIB" skipped="0">
  <testcase classname="ujian.ujiankelima.cucumber.TestRunner" name="runScenario" time="11.605">
    <error message="Cannot invoke &quot;org.openqa.selenium.SearchContext.findElement(org.openqa.selenium.By)&quot; because &quot;this.searchContext&quot; is null" type="java.lang.NullPointerException">
      <![CDATA[java.lang.NullPointerException: Cannot invoke "org.openqa.selenium.SearchContext.findElement(org.openqa.selenium.By)" because "this.searchContext" is null
at org.openqa.selenium.support.pagefactory.DefaultElementLocator.findElement(DefaultElementLocator.java:70)
at org.openqa.selenium.support.pagefactory.internal.LocatingElementHandler.invoke(LocatingElementHandler.java:39)
at jdk.proxy2/jdk.proxy2.$Proxy30.click(Unknown Source)
at ujian.ujiankelima.cucumber.shopqasceneoutline.LoginInvalidPage.clickBtnLogin(LoginInvalidPage.java:52)
at ujian.ujiankelima.cucumber.shopqasceneoutline.TestLoginInvalid.user_click_button_login(TestLoginInvalid.java:54)
at ✽.User click button login(file:///C:/Users/NEXSOFT/Downloads/BOOTCAMP/PROGRAM/CODE/RUN/src/test/resources/features/ujiankelima/001LoginInvalid.feature:6)
]]>
    </error>
  </testcase> <!-- runScenario -->
  <system-out/>
  <testcase classname="ujian.ujiankelima.cucumber.TestRunner" name="runScenario" time="0.672">
    <error message="Cannot invoke &quot;org.openqa.selenium.SearchContext.findElement(org.openqa.selenium.By)&quot; because &quot;this.searchContext&quot; is null" type="java.lang.NullPointerException">
      <![CDATA[java.lang.NullPointerException: Cannot invoke "org.openqa.selenium.SearchContext.findElement(org.openqa.selenium.By)" because "this.searchContext" is null
at org.openqa.selenium.support.pagefactory.DefaultElementLocator.findElement(DefaultElementLocator.java:70)
at org.openqa.selenium.support.pagefactory.internal.LocatingElementHandler.invoke(LocatingElementHandler.java:39)
at jdk.proxy2/jdk.proxy2.$Proxy30.click(Unknown Source)
at ujian.ujiankelima.cucumber.shopqasceneoutline.LoginInvalidPage.clickBtnLogin(LoginInvalidPage.java:52)
at ujian.ujiankelima.cucumber.shopqasceneoutline.TestLoginInvalid.user_click_button_login(TestLoginInvalid.java:54)
at ✽.User click button login(file:///C:/Users/NEXSOFT/Downloads/BOOTCAMP/PROGRAM/CODE/RUN/src/test/resources/features/ujiankelima/001LoginInvalid.feature:6)
]]>
    </error>
  </testcase> <!-- runScenario -->
  <system-out/>
  <testcase classname="ujian.ujiankelima.cucumber.TestRunner" name="runScenario" time="0.725">
    <error message="Cannot invoke &quot;org.openqa.selenium.SearchContext.findElement(org.openqa.selenium.By)&quot; because &quot;this.searchContext&quot; is null" type="java.lang.NullPointerException">
      <![CDATA[java.lang.NullPointerException: Cannot invoke "org.openqa.selenium.SearchContext.findElement(org.openqa.selenium.By)" because "this.searchContext" is null
at org.openqa.selenium.support.pagefactory.DefaultElementLocator.findElement(DefaultElementLocator.java:70)
at org.openqa.selenium.support.pagefactory.internal.LocatingElementHandler.invoke(LocatingElementHandler.java:39)
at jdk.proxy2/jdk.proxy2.$Proxy30.click(Unknown Source)
at ujian.ujiankelima.cucumber.shopqasceneoutline.LoginInvalidPage.clickBtnLogin(LoginInvalidPage.java:52)
at ujian.ujiankelima.cucumber.shopqasceneoutline.TestLoginInvalid.user_click_button_login(TestLoginInvalid.java:54)
at ✽.User click button login(file:///C:/Users/NEXSOFT/Downloads/BOOTCAMP/PROGRAM/CODE/RUN/src/test/resources/features/ujiankelima/001LoginInvalid.feature:6)
]]>
    </error>
  </testcase> <!-- runScenario -->
  <system-out/>
</testsuite> <!-- ujian.ujiankelima.cucumber.TestRunner -->
